<?xml version="1.0" encoding="UTF-8"?>
<testsuite xmlns:xsi="http://www.w3.org/2001/XMLSchema-instance" xsi:noNamespaceSchemaLocation="https://maven.apache.org/surefire/maven-surefire-plugin/xsd/surefire-test-report.xsd" name="com.consumer.comunication.ComunicationApplicationTests" time="0.432" tests="1" errors="1" skipped="0" failures="0">
  <properties>
[...]
</properties>
  <testcase name="com.consumer.comunication.ComunicationApplicationTests" classname="com.consumer.comunication.ComunicationApplicationTests" time="0.43">
    <error message="Unable to find a @SpringBootConfiguration, you need to use @ContextConfiguration or @SpringBootTest(classes=...) with your test" type="java.lang.IllegalStateException">java.lang.IllegalStateException: Unable to find a @SpringBootConfiguration, you need to use @ContextConfiguration or @SpringBootTest(classes=...) with your test
</error>
    <system-out><![CDATA[13:15:52.864 [main] DEBUG org.springframework.test.context.BootstrapUtils - Instantiating CacheAwareContextLoaderDelegate from class [org.springframework.test.context.cache.DefaultCacheAwareContextLoaderDelegate]
13:15:52.880 [main] DEBUG org.springframework.test.context.BootstrapUtils - Instantiating BootstrapContext using constructor [public org.springframework.test.context.support.DefaultBootstrapContext(java.lang.Class,org.springframework.test.context.CacheAwareContextLoaderDelegate)]
13:15:52.924 [main] DEBUG org.springframework.test.context.BootstrapUtils - Instantiating TestContextBootstrapper for test class [com.consumer.comunication.ComunicationApplicationTests] from class [org.springframework.boot.test.context.SpringBootTestContextBootstrapper]
13:15:52.951 [main] INFO org.springframework.boot.test.context.SpringBootTestContextBootstrapper - Neither @ContextConfiguration nor @ContextHierarchy found for test class [com.consumer.comunication.ComunicationApplicationTests], using SpringBootContextLoader
13:15:52.956 [main] DEBUG org.springframework.test.context.support.AbstractContextLoader - Did not detect default resource location for test class [com.consumer.comunication.ComunicationApplicationTests]: class path resource [com/consumer/comunication/ComunicationApplicationTests-context.xml] does not exist
13:15:52.956 [main] DEBUG org.springframework.test.context.support.AbstractContextLoader - Did not detect default resource location for test class [com.consumer.comunication.ComunicationApplicationTests]: class path resource [com/consumer/comunication/ComunicationApplicationTestsContext.groovy] does not exist
13:15:52.956 [main] INFO org.springframework.test.context.support.AbstractContextLoader - Could not detect default resource locations for test class [com.consumer.comunication.ComunicationApplicationTests]: no resource found for suffixes {-context.xml, Context.groovy}.
13:15:52.957 [main] INFO org.springframework.test.context.support.AnnotationConfigContextLoaderUtils - Could not detect default configuration classes for test class [com.consumer.comunication.ComunicationApplicationTests]: ComunicationApplicationTests does not declare any static, non-private, non-final, nested classes annotated with @Configuration.
13:15:53.015 [main] DEBUG org.springframework.test.context.support.ActiveProfilesUtils - Could not find an 'annotation declaring class' for annotation type [org.springframework.test.context.ActiveProfiles] and class [com.consumer.comunication.ComunicationApplicationTests]
13:15:53.105 [main] DEBUG org.springframework.test.context.BootstrapUtils - Instantiating CacheAwareContextLoaderDelegate from class [org.springframework.test.context.cache.DefaultCacheAwareContextLoaderDelegate]
13:15:53.106 [main] DEBUG org.springframework.test.context.BootstrapUtils - Instantiating BootstrapContext using constructor [public org.springframework.test.context.support.DefaultBootstrapContext(java.lang.Class,org.springframework.test.context.CacheAwareContextLoaderDelegate)]
13:15:53.106 [main] DEBUG org.springframework.test.context.BootstrapUtils - Instantiating TestContextBootstrapper for test class [com.consumer.comunication.ComunicationApplicationTests] from class [org.springframework.boot.test.context.SpringBootTestContextBootstrapper]
13:15:53.107 [main] INFO org.springframework.boot.test.context.SpringBootTestContextBootstrapper - Neither @ContextConfiguration nor @ContextHierarchy found for test class [com.consumer.comunication.ComunicationApplicationTests], using SpringBootContextLoader
13:15:53.110 [main] DEBUG org.springframework.test.context.support.AbstractContextLoader - Did not detect default resource location for test class [com.consumer.comunication.ComunicationApplicationTests]: class path resource [com/consumer/comunication/ComunicationApplicationTests-context.xml] does not exist
13:15:53.111 [main] DEBUG org.springframework.test.context.support.AbstractContextLoader - Did not detect default resource location for test class [com.consumer.comunication.ComunicationApplicationTests]: class path resource [com/consumer/comunication/ComunicationApplicationTestsContext.groovy] does not exist
13:15:53.111 [main] INFO org.springframework.test.context.support.AbstractContextLoader - Could not detect default resource locations for test class [com.consumer.comunication.ComunicationApplicationTests]: no resource found for suffixes {-context.xml, Context.groovy}.
13:15:53.111 [main] INFO org.springframework.test.context.support.AnnotationConfigContextLoaderUtils - Could not detect default configuration classes for test class [com.consumer.comunication.ComunicationApplicationTests]: ComunicationApplicationTests does not declare any static, non-private, non-final, nested classes annotated with @Configuration.
13:15:53.116 [main] DEBUG org.springframework.test.context.support.ActiveProfilesUtils - Could not find an 'annotation declaring class' for annotation type [org.springframework.test.context.ActiveProfiles] and class [com.consumer.comunication.ComunicationApplicationTests]
13:15:53.137 [main] DEBUG org.springframework.test.context.BootstrapUtils - Instantiating CacheAwareContextLoaderDelegate from class [org.springframework.test.context.cache.DefaultCacheAwareContextLoaderDelegate]
13:15:53.137 [main] DEBUG org.springframework.test.context.BootstrapUtils - Instantiating BootstrapContext using constructor [public org.springframework.test.context.support.DefaultBootstrapContext(java.lang.Class,org.springframework.test.context.CacheAwareContextLoaderDelegate)]
13:15:53.138 [main] DEBUG org.springframework.test.context.BootstrapUtils - Instantiating TestContextBootstrapper for test class [com.consumer.comunication.ComunicationApplicationTests] from class [org.springframework.boot.test.context.SpringBootTestContextBootstrapper]
13:15:53.139 [main] INFO org.springframework.boot.test.context.SpringBootTestContextBootstrapper - Neither @ContextConfiguration nor @ContextHierarchy found for test class [com.consumer.comunication.ComunicationApplicationTests], using SpringBootContextLoader
13:15:53.141 [main] DEBUG org.springframework.test.context.support.AbstractContextLoader - Did not detect default resource location for test class [com.consumer.comunication.ComunicationApplicationTests]: class path resource [com/consumer/comunication/ComunicationApplicationTests-context.xml] does not exist
13:15:53.141 [main] DEBUG org.springframework.test.context.support.AbstractContextLoader - Did not detect default resource location for test class [com.consumer.comunication.ComunicationApplicationTests]: class path resource [com/consumer/comunication/ComunicationApplicationTestsContext.groovy] does not exist
13:15:53.142 [main] INFO org.springframework.test.context.support.AbstractContextLoader - Could not detect default resource locations for test class [com.consumer.comunication.ComunicationApplicationTests]: no resource found for suffixes {-context.xml, Context.groovy}.
13:15:53.143 [main] INFO org.springframework.test.context.support.AnnotationConfigContextLoaderUtils - Could not detect default configuration classes for test class [com.consumer.comunication.ComunicationApplicationTests]: ComunicationApplicationTests does not declare any static, non-private, non-final, nested classes annotated with @Configuration.
13:15:53.145 [main] DEBUG org.springframework.test.context.support.ActiveProfilesUtils - Could not find an 'annotation declaring class' for annotation type [org.springframework.test.context.ActiveProfiles] and class [com.consumer.comunication.ComunicationApplicationTests]
]]></system-out>
  </testcase>
</testsuite>