<?xml version="1.0" encoding="UTF-8"?>
<testsuite xmlns:xsi="http://www.w3.org/2001/XMLSchema-instance" xsi:noNamespaceSchemaLocation="https://maven.apache.org/surefire/maven-surefire-plugin/xsd/surefire-test-report.xsd" name="com.si.integrator.IntegratorApplicationTests" time="0.236" tests="1" errors="1" skipped="0" failures="0">
  <properties>
[...]
</properties>
  <testcase name="com.si.integrator.IntegratorApplicationTests" classname="com.si.integrator.IntegratorApplicationTests" time="0.235">
    <error message="Unable to find a @SpringBootConfiguration, you need to use @ContextConfiguration or @SpringBootTest(classes=...) with your test" type="java.lang.IllegalStateException">java.lang.IllegalStateException: Unable to find a @SpringBootConfiguration, you need to use @ContextConfiguration or @SpringBootTest(classes=...) with your test
</error>
    <system-out><![CDATA[01:39:24.495 [main] DEBUG org.springframework.test.context.BootstrapUtils - Instantiating CacheAwareContextLoaderDelegate from class [org.springframework.test.context.cache.DefaultCacheAwareContextLoaderDelegate]
01:39:24.506 [main] DEBUG org.springframework.test.context.BootstrapUtils - Instantiating BootstrapContext using constructor [public org.springframework.test.context.support.DefaultBootstrapContext(java.lang.Class,org.springframework.test.context.CacheAwareContextLoaderDelegate)]
01:39:24.543 [main] DEBUG org.springframework.test.context.BootstrapUtils - Instantiating TestContextBootstrapper for test class [com.si.integrator.IntegratorApplicationTests] from class [org.springframework.boot.test.context.SpringBootTestContextBootstrapper]
01:39:24.555 [main] INFO org.springframework.boot.test.context.SpringBootTestContextBootstrapper - Neither @ContextConfiguration nor @ContextHierarchy found for test class [com.si.integrator.IntegratorApplicationTests], using SpringBootContextLoader
01:39:24.559 [main] DEBUG org.springframework.test.context.support.AbstractContextLoader - Did not detect default resource location for test class [com.si.integrator.IntegratorApplicationTests]: class path resource [com/si/integrator/IntegratorApplicationTests-context.xml] does not exist
01:39:24.560 [main] DEBUG org.springframework.test.context.support.AbstractContextLoader - Did not detect default resource location for test class [com.si.integrator.IntegratorApplicationTests]: class path resource [com/si/integrator/IntegratorApplicationTestsContext.groovy] does not exist
01:39:24.560 [main] INFO org.springframework.test.context.support.AbstractContextLoader - Could not detect default resource locations for test class [com.si.integrator.IntegratorApplicationTests]: no resource found for suffixes {-context.xml, Context.groovy}.
01:39:24.560 [main] INFO org.springframework.test.context.support.AnnotationConfigContextLoaderUtils - Could not detect default configuration classes for test class [com.si.integrator.IntegratorApplicationTests]: IntegratorApplicationTests does not declare any static, non-private, non-final, nested classes annotated with @Configuration.
01:39:24.603 [main] DEBUG org.springframework.test.context.support.ActiveProfilesUtils - Could not find an 'annotation declaring class' for annotation type [org.springframework.test.context.ActiveProfiles] and class [com.si.integrator.IntegratorApplicationTests]
]]></system-out>
  </testcase>
</testsuite>