<?xml version="1.0" encoding="UTF-8"?>
<testsuite xmlns:xsi="http://www.w3.org/2001/XMLSchema-instance" xsi:noNamespaceSchemaLocation="https://maven.apache.org/surefire/maven-surefire-plugin/xsd/surefire-test-report.xsd" name="com.si.integrator.IntegratorApplicationTests" time="0.475" tests="1" errors="1" skipped="0" failures="0">
  <properties>
[...]
</properties>
  <testcase name="com.si.integrator.IntegratorApplicationTests" classname="com.si.integrator.IntegratorApplicationTests" time="0.473">
    <error message="Unable to find a @SpringBootConfiguration, you need to use @ContextConfiguration or @SpringBootTest(classes=...) with your test" type="java.lang.IllegalStateException">java.lang.IllegalStateException: Unable to find a @SpringBootConfiguration, you need to use @ContextConfiguration or @SpringBootTest(classes=...) with your test
</error>
    <system-out><![CDATA[10:21:38.026 [main] DEBUG org.springframework.test.context.BootstrapUtils - Instantiating CacheAwareContextLoaderDelegate from class [org.springframework.test.context.cache.DefaultCacheAwareContextLoaderDelegate]
10:21:38.042 [main] DEBUG org.springframework.test.context.BootstrapUtils - Instantiating BootstrapContext using constructor [public org.springframework.test.context.support.DefaultBootstrapContext(java.lang.Class,org.springframework.test.context.CacheAwareContextLoaderDelegate)]
10:21:38.089 [main] DEBUG org.springframework.test.context.BootstrapUtils - Instantiating TestContextBootstrapper for test class [com.si.integrator.IntegratorApplicationTests] from class [org.springframework.boot.test.context.SpringBootTestContextBootstrapper]
10:21:38.111 [main] INFO org.springframework.boot.test.context.SpringBootTestContextBootstrapper - Neither @ContextConfiguration nor @ContextHierarchy found for test class [com.si.integrator.IntegratorApplicationTests], using SpringBootContextLoader
10:21:38.119 [main] DEBUG org.springframework.test.context.support.AbstractContextLoader - Did not detect default resource location for test class [com.si.integrator.IntegratorApplicationTests]: class path resource [com/si/integrator/IntegratorApplicationTests-context.xml] does not exist
10:21:38.119 [main] DEBUG org.springframework.test.context.support.AbstractContextLoader - Did not detect default resource location for test class [com.si.integrator.IntegratorApplicationTests]: class path resource [com/si/integrator/IntegratorApplicationTestsContext.groovy] does not exist
10:21:38.119 [main] INFO org.springframework.test.context.support.AbstractContextLoader - Could not detect default resource locations for test class [com.si.integrator.IntegratorApplicationTests]: no resource found for suffixes {-context.xml, Context.groovy}.
10:21:38.120 [main] INFO org.springframework.test.context.support.AnnotationConfigContextLoaderUtils - Could not detect default configuration classes for test class [com.si.integrator.IntegratorApplicationTests]: IntegratorApplicationTests does not declare any static, non-private, non-final, nested classes annotated with @Configuration.
10:21:38.189 [main] DEBUG org.springframework.test.context.support.ActiveProfilesUtils - Could not find an 'annotation declaring class' for annotation type [org.springframework.test.context.ActiveProfiles] and class [com.si.integrator.IntegratorApplicationTests]
10:21:38.302 [main] DEBUG org.springframework.test.context.BootstrapUtils - Instantiating CacheAwareContextLoaderDelegate from class [org.springframework.test.context.cache.DefaultCacheAwareContextLoaderDelegate]
10:21:38.303 [main] DEBUG org.springframework.test.context.BootstrapUtils - Instantiating BootstrapContext using constructor [public org.springframework.test.context.support.DefaultBootstrapContext(java.lang.Class,org.springframework.test.context.CacheAwareContextLoaderDelegate)]
10:21:38.304 [main] DEBUG org.springframework.test.context.BootstrapUtils - Instantiating TestContextBootstrapper for test class [com.si.integrator.IntegratorApplicationTests] from class [org.springframework.boot.test.context.SpringBootTestContextBootstrapper]
10:21:38.306 [main] INFO org.springframework.boot.test.context.SpringBootTestContextBootstrapper - Neither @ContextConfiguration nor @ContextHierarchy found for test class [com.si.integrator.IntegratorApplicationTests], using SpringBootContextLoader
10:21:38.307 [main] DEBUG org.springframework.test.context.support.AbstractContextLoader - Did not detect default resource location for test class [com.si.integrator.IntegratorApplicationTests]: class path resource [com/si/integrator/IntegratorApplicationTests-context.xml] does not exist
10:21:38.307 [main] DEBUG org.springframework.test.context.support.AbstractContextLoader - Did not detect default resource location for test class [com.si.integrator.IntegratorApplicationTests]: class path resource [com/si/integrator/IntegratorApplicationTestsContext.groovy] does not exist
10:21:38.307 [main] INFO org.springframework.test.context.support.AbstractContextLoader - Could not detect default resource locations for test class [com.si.integrator.IntegratorApplicationTests]: no resource found for suffixes {-context.xml, Context.groovy}.
10:21:38.308 [main] INFO org.springframework.test.context.support.AnnotationConfigContextLoaderUtils - Could not detect default configuration classes for test class [com.si.integrator.IntegratorApplicationTests]: IntegratorApplicationTests does not declare any static, non-private, non-final, nested classes annotated with @Configuration.
10:21:38.311 [main] DEBUG org.springframework.test.context.support.ActiveProfilesUtils - Could not find an 'annotation declaring class' for annotation type [org.springframework.test.context.ActiveProfiles] and class [com.si.integrator.IntegratorApplicationTests]
10:21:38.361 [main] DEBUG org.springframework.test.context.BootstrapUtils - Instantiating CacheAwareContextLoaderDelegate from class [org.springframework.test.context.cache.DefaultCacheAwareContextLoaderDelegate]
10:21:38.361 [main] DEBUG org.springframework.test.context.BootstrapUtils - Instantiating BootstrapContext using constructor [public org.springframework.test.context.support.DefaultBootstrapContext(java.lang.Class,org.springframework.test.context.CacheAwareContextLoaderDelegate)]
10:21:38.362 [main] DEBUG org.springframework.test.context.BootstrapUtils - Instantiating TestContextBootstrapper for test class [com.si.integrator.IntegratorApplicationTests] from class [org.springframework.boot.test.context.SpringBootTestContextBootstrapper]
10:21:38.364 [main] INFO org.springframework.boot.test.context.SpringBootTestContextBootstrapper - Neither @ContextConfiguration nor @ContextHierarchy found for test class [com.si.integrator.IntegratorApplicationTests], using SpringBootContextLoader
10:21:38.365 [main] DEBUG org.springframework.test.context.support.AbstractContextLoader - Did not detect default resource location for test class [com.si.integrator.IntegratorApplicationTests]: class path resource [com/si/integrator/IntegratorApplicationTests-context.xml] does not exist
10:21:38.367 [main] DEBUG org.springframework.test.context.support.AbstractContextLoader - Did not detect default resource location for test class [com.si.integrator.IntegratorApplicationTests]: class path resource [com/si/integrator/IntegratorApplicationTestsContext.groovy] does not exist
10:21:38.368 [main] INFO org.springframework.test.context.support.AbstractContextLoader - Could not detect default resource locations for test class [com.si.integrator.IntegratorApplicationTests]: no resource found for suffixes {-context.xml, Context.groovy}.
10:21:38.369 [main] INFO org.springframework.test.context.support.AnnotationConfigContextLoaderUtils - Could not detect default configuration classes for test class [com.si.integrator.IntegratorApplicationTests]: IntegratorApplicationTests does not declare any static, non-private, non-final, nested classes annotated with @Configuration.
10:21:38.373 [main] DEBUG org.springframework.test.context.support.ActiveProfilesUtils - Could not find an 'annotation declaring class' for annotation type [org.springframework.test.context.ActiveProfiles] and class [com.si.integrator.IntegratorApplicationTests]
]]></system-out>
  </testcase>
</testsuite>